[INFO] Scanning for projects...
[INFO] 
[INFO] --------------------< com.kambujaflow:kambuja-pos >---------------------
[INFO] Building kambuja-pos 0.0.1-SNAPSHOT
[INFO]   from pom.xml
[INFO] --------------------------------[ jar ]---------------------------------
[INFO] 
[INFO] >>> spring-boot:4.1.0:run (default-cli) > test-compile @ kambuja-pos >>>
[INFO] 
[INFO] --- resources:3.5.0:resources (default-resources) @ kambuja-pos ---
[INFO] Copying 2 resources from src/main/resources to target/classes
[INFO] Copying 2 resources from src/main/resources to target/classes
[INFO] 
[INFO] --- compiler:3.15.0:compile (default-compile) @ kambuja-pos ---
[INFO] Nothing to compile - all classes are up to date.
[INFO] 
[INFO] --- resources:3.5.0:testResources (default-testResources) @ kambuja-pos ---
[INFO] skip non existing resourceDirectory /home/star/Desktop/Kambuja-POS/apps/api/src/test/resources
[INFO] 
[INFO] --- compiler:3.15.0:testCompile (default-testCompile) @ kambuja-pos ---
[INFO] Nothing to compile - all classes are up to date.
[INFO] 
[INFO] <<< spring-boot:4.1.0:run (default-cli) < test-compile @ kambuja-pos <<<
[INFO] 
[INFO] 
[INFO] --- spring-boot:4.1.0:run (default-cli) @ kambuja-pos ---
[INFO] Attaching agents: []

  .   ____          _            __ _ _
 /\\ / ___'_ __ _ _(_)_ __  __ _ \ \ \ \
( ( )\___ | '_ | '_| | '_ \/ _` | \ \ \ \
 \\/  ___)| |_)| | | | | || (_| |  ) ) ) )
  '  |____| .__|_| |_|_| |_\__, | / / / /
 =========|_|==============|___/=/_/_/_/

 :: Spring Boot ::                (v4.1.0)

2026-06-21T02:18:48.828+07:00  INFO 222535 --- [kambuja-pos-api] [  restartedMain] c.k.kambujapos.KambujaPosApplication     : Starting KambujaPosApplication using Java 25.0.3 with PID 222535 (/home/star/Desktop/Kambuja-POS/apps/api/target/classes started by star in /home/star/Desktop/Kambuja-POS/apps/api)
2026-06-21T02:18:48.831+07:00  INFO 222535 --- [kambuja-pos-api] [  restartedMain] c.k.kambujapos.KambujaPosApplication     : No active profile set, falling back to 1 default profile: "default"
2026-06-21T02:18:48.894+07:00  INFO 222535 --- [kambuja-pos-api] [  restartedMain] .e.DevToolsPropertyDefaultsPostProcessor : Devtools property defaults active! Set 'spring.devtools.add-properties' to 'false' to disable
2026-06-21T02:18:48.894+07:00  INFO 222535 --- [kambuja-pos-api] [  restartedMain] .e.DevToolsPropertyDefaultsPostProcessor : For additional web related logging consider setting the 'logging.level.web' property to 'DEBUG'
2026-06-21T02:18:49.969+07:00  INFO 222535 --- [kambuja-pos-api] [  restartedMain] .s.d.r.c.RepositoryConfigurationDelegate : Bootstrapping Spring Data MongoDB repositories in DEFAULT mode.
2026-06-21T02:18:50.055+07:00  INFO 222535 --- [kambuja-pos-api] [  restartedMain] .s.d.r.c.RepositoryConfigurationDelegate : Finished Spring Data repository scanning in 79 ms. Found 15 MongoDB repository interfaces.
2026-06-21T02:18:50.640+07:00  INFO 222535 --- [kambuja-pos-api] [  restartedMain] o.s.boot.tomcat.TomcatWebServer          : Tomcat initialized with port 8080 (http)
2026-06-21T02:18:50.664+07:00  INFO 222535 --- [kambuja-pos-api] [  restartedMain] o.apache.catalina.core.StandardService   : Starting service [Tomcat]
2026-06-21T02:18:50.664+07:00  INFO 222535 --- [kambuja-pos-api] [  restartedMain] o.apache.catalina.core.StandardEngine    : Starting Servlet engine: [Apache Tomcat/11.0.22]
2026-06-21T02:18:50.706+07:00  INFO 222535 --- [kambuja-pos-api] [  restartedMain] b.w.c.s.WebApplicationContextInitializer : Root WebApplicationContext: initialization completed in 1811 ms
2026-06-21T02:18:50.929+07:00  INFO 222535 --- [kambuja-pos-api] [  restartedMain] org.mongodb.driver.client                : MongoClient with metadata {"driver": {"name": "mongo-java-driver|spring-boot|sync", "version": "5.8.0"}, "os": {"type": "Linux", "name": "Linux", "architecture": "amd64", "version": "7.0.0-22-generic"}, "platform": "Java/Ubuntu/25.0.3+9-2-26.04.2-Ubuntu"} created with settings MongoClientSettings{readPreference=primary, writeConcern=WriteConcern{w=null, wTimeout=null ms, journal=null}, retryWrites=true, retryReads=true, readConcern=ReadConcern{level=null}, credential=null, transportSettings=null, commandListeners=[io.micrometer.core.instrument.binder.mongodb.MongoMetricsCommandListener@7926b7ef], codecRegistry=ProvidersCodecRegistry{codecProviders=[ValueCodecProvider{}, BsonValueCodecProvider{}, DBRefCodecProvider{}, DBObjectCodecProvider{}, DocumentCodecProvider{}, CollectionCodecProvider{}, IterableCodecProvider{}, MapCodecProvider{}, GeoJsonCodecProvider{}, GridFSFileCodecProvider{}, Jsr310CodecProvider{}, JsonObjectCodecProvider{}, BsonCodecProvider{}, com.mongodb.client.model.mql.ExpressionCodecProvider@10b727c7, com.mongodb.Jep395RecordCodecProvider@60e917ee, com.mongodb.KotlinCodecProvider@36061aed, EnumCodecProvider{}]}, loggerSettings=LoggerSettings{maxDocumentLength=1000}, clusterSettings={hosts=[localhost:27017], srvServiceName=mongodb, mode=SINGLE, requiredClusterType=UNKNOWN, requiredReplicaSetName='null', serverSelector='null', clusterListeners='[]', serverSelectionTimeout='30000 ms', localThreshold='15 ms'}, socketSettings=SocketSettings{connectTimeoutMS=10000, readTimeoutMS=0, receiveBufferSize=0, proxySettings=ProxySettings{host=null, port=null, username=null, password=null}}, heartbeatSocketSettings=SocketSettings{connectTimeoutMS=10000, readTimeoutMS=10000, receiveBufferSize=0, proxySettings=ProxySettings{host=null, port=null, username=null, password=null}}, connectionPoolSettings=ConnectionPoolSettings{maxSize=100, minSize=0, maxWaitTimeMS=120000, maxConnectionLifeTimeMS=0, maxConnectionIdleTimeMS=0, maintenanceInitialDelayMS=0, maintenanceFrequencyMS=60000, connectionPoolListeners=[io.micrometer.core.instrument.binder.mongodb.MongoMetricsConnectionPoolListener@7ad34a0d], maxConnecting=2}, serverSettings=ServerSettings{heartbeatFrequencyMS=10000, minHeartbeatFrequencyMS=500, serverMonitoringMode=AUTO, serverListeners='[]', serverMonitorListeners='[]'}, sslSettings=SslSettings{enabled=false, invalidHostNameAllowed=false, context=null}, applicationName='null', compressorList=[], uuidRepresentation=UNSPECIFIED, serverApi=null, autoEncryptionSettings=null, dnsClient=null, inetAddressResolver=null, contextProvider=null, timeoutMS=null}
2026-06-21T02:18:50.956+07:00  INFO 222535 --- [kambuja-pos-api] [localhost:27017] org.mongodb.driver.cluster               : Monitor thread successfully connected to server with description ServerDescription{address=localhost:27017, type=STANDALONE, cryptd=false, state=CONNECTED, ok=true, minWireVersion=0, maxWireVersion=21, maxDocumentSize=16777216, logicalSessionTimeoutMinutes=30, roundTripTimeNanos=20651980, minRoundTripTimeNanos=0}
2026-06-21T02:18:51.466+07:00  INFO 222535 --- [kambuja-pos-api] [  restartedMain] o.s.boot.web.servlet.RegistrationBean    : Filter jwtFilterRegistration was not registered (disabled)
2026-06-21T02:18:51.771+07:00  INFO 222535 --- [kambuja-pos-api] [  restartedMain] r$InitializeUserDetailsManagerConfigurer : Global AuthenticationManager configured with UserDetailsService bean with name userDetailsServiceImpl
2026-06-21T02:18:52.904+07:00  INFO 222535 --- [kambuja-pos-api] [  restartedMain] o.s.boot.tomcat.TomcatWebServer          : Tomcat started on port 8080 (http) with context path '/'
2026-06-21T02:18:52.983+07:00  INFO 222535 --- [kambuja-pos-api] [  restartedMain] o.s.boot.tomcat.TomcatWebServer          : Tomcat initialized with port 8081 (http)
2026-06-21T02:18:52.984+07:00  INFO 222535 --- [kambuja-pos-api] [  restartedMain] o.apache.catalina.core.StandardService   : Starting service [Tomcat]
2026-06-21T02:18:52.984+07:00  INFO 222535 --- [kambuja-pos-api] [  restartedMain] o.apache.catalina.core.StandardEngine    : Starting Servlet engine: [Apache Tomcat/11.0.22]
2026-06-21T02:18:52.991+07:00  INFO 222535 --- [kambuja-pos-api] [  restartedMain] b.w.c.s.WebApplicationContextInitializer : Root WebApplicationContext: initialization completed in 84 ms
2026-06-21T02:18:53.006+07:00  INFO 222535 --- [kambuja-pos-api] [  restartedMain] o.s.b.a.e.web.EndpointLinksResolver      : Exposing 3 endpoints beneath base path '/actuator'
2026-06-21T02:18:53.045+07:00  INFO 222535 --- [kambuja-pos-api] [  restartedMain] o.s.boot.tomcat.TomcatWebServer          : Tomcat started on port 8081 (http) with context path '/'
2026-06-21T02:18:53.054+07:00  INFO 222535 --- [kambuja-pos-api] [  restartedMain] c.k.kambujapos.KambujaPosApplication     : Started KambujaPosApplication in 4.759 seconds (process running for 5.369)
2026-06-21T02:18:53.147+07:00  WARN 222535 --- [kambuja-pos-api] [  restartedMain] o.s.core.events.SpringDocAppInitializer  : SpringDoc /v3/api-docs endpoint is enabled by default. To disable it in production, set the property 'springdoc.api-docs.enabled=false'
2026-06-21T02:18:53.148+07:00  WARN 222535 --- [kambuja-pos-api] [  restartedMain] o.s.core.events.SpringDocAppInitializer  : SpringDoc /swagger-ui.html endpoint is enabled by default. To disable it in production, set the property 'springdoc.swagger-ui.enabled=false'
2026-06-21T02:19:07.931+07:00  INFO 222535 --- [kambuja-pos-api] [nio-8080-exec-1] o.a.c.c.C.[Tomcat].[localhost].[/]       : Initializing Spring DispatcherServlet 'dispatcherServlet'
2026-06-21T02:19:07.931+07:00  INFO 222535 --- [kambuja-pos-api] [nio-8080-exec-1] o.s.web.servlet.DispatcherServlet        : Initializing Servlet 'dispatcherServlet'
2026-06-21T02:19:07.933+07:00  INFO 222535 --- [kambuja-pos-api] [nio-8080-exec-1] o.s.web.servlet.DispatcherServlet        : Completed initialization in 2 ms
2026-06-21T02:19:10.574+07:00  INFO 222535 --- [kambuja-pos-api] [nio-8081-exec-1] o.apache.tomcat.util.http.parser.Cookie  : A cookie header was received [g_state={"i_l":0,"i_ll":1779547853286,"i_b":"lV2mUMR4LISuVbk3yfo5VIaaxiRvk7T6jUnrbuh0mE0","i_e":{"enable_itp_optimization":0},"i_et":1779547853286}] that contained an invalid cookie. That cookie will be ignored.
 Note: further occurrences of this error will be logged at DEBUG level.
2026-06-21T02:19:10.575+07:00  INFO 222535 --- [kambuja-pos-api] [nio-8081-exec-1] o.a.c.c.C.[Tomcat-1].[localhost].[/]     : Initializing Spring DispatcherServlet 'dispatcherServletRegistration'
2026-06-21T02:19:10.575+07:00  INFO 222535 --- [kambuja-pos-api] [nio-8081-exec-1] o.s.web.servlet.DispatcherServlet        : Initializing Servlet 'dispatcherServletRegistration'
2026-06-21T02:19:10.575+07:00  INFO 222535 --- [kambuja-pos-api] [nio-8081-exec-1] o.s.web.servlet.DispatcherServlet        : Completed initialization in 0 ms
2026-06-21T11:27:08.414+07:00  INFO 222535 --- [kambuja-pos-api] [ionShutdownHook] o.s.boot.tomcat.GracefulShutdown         : Commencing graceful shutdown. Waiting for active requests to complete
2026-06-21T11:27:08.418+07:00  INFO 222535 --- [kambuja-pos-api] [tomcat-shutdown] o.s.boot.tomcat.GracefulShutdown         : Graceful shutdown complete
2026-06-21T11:27:08.419+07:00  INFO 222535 --- [kambuja-pos-api] [ionShutdownHook] o.s.boot.tomcat.GracefulShutdown         : Commencing graceful shutdown. Waiting for active requests to complete
2026-06-21T11:27:08.421+07:00  INFO 222535 --- [kambuja-pos-api] [tomcat-shutdown] o.s.boot.tomcat.GracefulShutdown         : Graceful shutdown complete
[INFO] ------------------------------------------------------------------------
[INFO] BUILD FAILURE
[INFO] ------------------------------------------------------------------------
[INFO] Total time:  09:08 h
[INFO] Finished at: 2026-06-21T11:27:08+07:00
[INFO] ------------------------------------------------------------------------
[ERROR] Failed to execute goal org.springframework.boot:spring-boot-maven-plugin:4.1.0:run (default-cli) on project kambuja-pos: Process terminated with exit code: 143 -> [Help 1]
[ERROR] 
[ERROR] To see the full stack trace of the errors, re-run Maven with the -e switch.
[ERROR] Re-run Maven using the -X switch to enable full debug logging.
[ERROR] 
[ERROR] For more information about the errors and possible solutions, please read the following articles:
[ERROR] [Help 1] http://cwiki.apache.org/confluence/display/MAVEN/MojoExecutionException
